2023-07-10 22:20:44,212 INFO angle after function is 12.382692538478764 
2023-07-10 22:20:45,138 INFO angle after function is 16.933353299327862 
2023-07-10 22:20:45,221 INFO angle after function is 15.115203167814153 
2023-07-10 22:20:46,116 INFO angle after function is 15.115203167814153 
2023-07-10 22:20:46,119 INFO angle after function is 9.206952971043343 
2023-07-10 22:20:46,282 INFO angle after function is 8.639104880930171 
2023-07-10 22:20:46,372 INFO angle after function is 8.038571653260556 
2023-07-10 22:20:46,403 INFO angle after function is 7.066959528374138 
2023-07-10 22:20:46,435 INFO angle after function is 7.066959528374138 
2023-07-10 22:20:46,474 INFO angle after function is 11.847189247690478 
2023-07-10 22:20:46,491 INFO angle after function is 7.589971062881517 
2023-07-10 22:20:46,508 INFO angle after function is 4.84997890046066 
2023-07-10 22:20:46,721 INFO angle after function is 4.181378442274825 
2023-07-10 22:20:47,062 INFO angle after function is 4.651196517624107 
2023-07-10 22:20:47,348 INFO angle after function is 3.2646288107022485 
2023-07-10 22:20:47,602 INFO angle after function is 4.177633037882836 
2023-07-10 22:20:47,971 INFO angle after function is 3.3348086751064643 
2023-07-10 22:20:48,214 INFO angle after function is 3.1498960162681953 
2023-07-10 22:20:48,522 INFO angle after function is 2.815737132252783 
2023-07-10 22:20:48,845 INFO angle after function is 3.0070373104583394 
2023-07-10 22:20:49,126 INFO angle after function is 2.918370432539997 
2023-07-10 22:20:49,417 INFO angle after function is 2.7192560693400964 
2023-07-10 22:20:49,740 INFO angle after function is 3.3252875937023005 
2023-07-10 22:20:50,025 INFO angle after function is 2.727304412677161 
2023-07-10 22:20:50,307 INFO angle after function is 2.312269601819752 
2023-07-10 22:20:50,622 INFO angle after function is 2.1563653891882626 
2023-07-10 22:20:50,955 INFO angle after function is 3.008787583437714 
2023-07-10 22:20:51,220 INFO angle after function is 1.289192479625888 
2023-07-10 22:20:51,564 INFO angle after function is 1.3136825631920253 
2023-07-10 22:20:51,811 INFO angle after function is -1.4062052880362879 
2023-07-10 22:20:52,146 INFO angle after function is -1.8862888877854633 
2023-07-10 22:20:52,419 INFO angle after function is -2.6183998446030414 
2023-07-10 22:20:53,906 INFO angle after function is -1.4936142111925248 
2023-07-10 22:20:54,228 INFO angle after function is -2.3309864368368785 
2023-07-10 22:20:54,545 INFO angle after function is -1.678183519815785 
2023-07-10 22:20:54,837 INFO angle after function is -2.1681164016398604 
2023-07-10 22:20:54,838 CRITICAL Photo Being Sent
2023-07-10 22:20:56,299 INFO angle after function is -2.1681164016398604 
2023-07-10 22:20:56,299 CRITICAL Photo Being Sent
2023-07-10 22:20:56,606 INFO angle after function is -1.006842258520771 
2023-07-10 22:20:56,607 CRITICAL Photo Being Sent
2023-07-10 22:20:56,692 CRITICAL Photo Just Sent
2023-07-10 22:20:56,937 INFO angle after function is -0.9116455224308729 
2023-07-10 22:20:57,226 INFO angle after function is -1.4573469184716117 
2023-07-10 22:20:57,453 CRITICAL Photo Just Sent
2023-07-10 22:20:57,558 INFO angle after function is -1.2356735185255643 
2023-07-10 22:20:57,846 INFO angle after function is -1.8104868300460069 
2023-07-10 22:20:58,110 INFO angle after function is -1.8259255196981983 
2023-07-10 22:20:58,428 INFO angle after function is -1.5566718195963363 
2023-07-10 22:20:58,493 CRITICAL Photo Just Sent
2023-07-10 22:20:58,710 INFO angle after function is -1.3089320751503537 
2023-07-10 22:21:01,128 INFO angle after function is -1.9843952760229346 
2023-07-10 22:21:01,402 INFO angle after function is -1.6553976277239533 
2023-07-10 22:21:01,757 INFO angle after function is -1.8933290283696402 
2023-07-10 22:21:02,070 INFO angle after function is -1.82136733329682 
2023-07-10 22:21:02,306 INFO angle after function is -1.4964052354108557 
2023-07-10 22:21:02,663 INFO angle after function is -1.4591448940253204 
2023-07-10 22:21:02,948 INFO angle after function is -1.6044733804823295 
2023-07-10 22:21:03,251 INFO angle after function is -1.3185896174919098 
2023-07-10 22:21:03,516 INFO angle after function is -0.6484761692160335 
2023-07-10 22:21:03,838 INFO angle after function is -0.43606007141644737 
2023-07-10 22:21:04,121 INFO angle after function is 0.7084355041742063 
2023-07-10 22:21:04,476 INFO angle after function is 0.7072678902403663 
2023-07-10 22:21:04,717 INFO angle after function is 0.6552718619461373 
2023-07-10 22:21:05,038 INFO angle after function is 0.5713439210270982 
2023-07-10 22:21:05,314 INFO angle after function is 0.30122137130324406 
2023-07-10 22:21:05,655 INFO angle after function is 0.49388990571473346 
2023-07-10 22:21:07,731 INFO angle after function is -0.35404771476443286 
2023-07-10 22:21:08,071 INFO angle after function is -0.9825990139822925 
2023-07-10 22:21:08,319 INFO angle after function is -0.6799421124734494 
2023-07-10 22:21:08,653 INFO angle after function is -0.9194226401410347 
2023-07-10 22:21:08,950 INFO angle after function is -0.045535467597017286 
2023-07-10 22:21:09,226 INFO angle after function is 0.04057925213103794 
2023-07-10 22:21:09,507 INFO angle after function is 0.06810556180673835 
2023-07-10 22:21:09,837 INFO angle after function is 0.36343328348746934 
2023-07-10 22:21:10,120 INFO angle after function is -0.08514522528318845 
2023-07-10 22:21:10,425 INFO angle after function is -3.7909859399411214 
2023-07-10 22:21:10,709 INFO angle after function is -2.1044181069684367 
2023-07-10 22:21:11,040 INFO angle after function is -1.620240847829842 
2023-07-10 22:21:11,331 INFO angle after function is -1.3048255861062121 
2023-07-10 22:21:11,625 INFO angle after function is -1.2888897069223113 
2023-07-10 22:21:11,944 INFO angle after function is -1.6270180944065435 
2023-07-10 22:21:12,244 INFO angle after function is -1.5709055837732544 
2023-07-10 22:21:12,532 INFO angle after function is -2.4947667222337584 
2023-07-10 22:21:12,875 INFO angle after function is 0.16736874349915942 
2023-07-10 22:21:13,117 INFO angle after function is 0.7431305894616034 
2023-07-10 22:21:13,448 INFO angle after function is 0.7539493649332648 
2023-07-10 22:21:13,720 INFO angle after function is 0.5874315653274784 
2023-07-10 22:21:14,069 INFO angle after function is 0.4160109553115917 
2023-07-10 22:21:14,302 INFO angle after function is 0.5659798689698358 
2023-07-10 22:21:14,613 INFO angle after function is 0.39112203665033296 
2023-07-10 22:21:14,951 INFO angle after function is 0.5284190020690204 
2023-07-10 22:21:15,226 INFO angle after function is -0.24420160631358695 
2023-07-10 22:21:15,518 INFO angle after function is 0.9288369993055585 
2023-07-10 22:21:15,811 INFO angle after function is 0.3787143195086383 
2023-07-10 22:21:16,119 INFO angle after function is 0.8949502401148708 
2023-07-10 22:21:16,418 INFO angle after function is 2.7319372343577815 
2023-07-10 22:21:16,704 INFO angle after function is 3.438737629092465 
2023-07-10 22:21:17,047 INFO angle after function is 5.707076538928425 
2023-07-10 22:21:17,351 INFO angle after function is 9.832222945843043 
2023-07-10 22:21:17,659 INFO angle after function is 6.786053927853012 
2023-07-10 22:21:17,931 INFO angle after function is 1.5510439080992544 
2023-07-10 22:21:18,228 INFO angle after function is -1.5066822631437522 
2023-07-10 22:21:18,505 INFO angle after function is -2.3223688910030624 
2023-07-10 22:21:18,506 CRITICAL Photo Being Sent
2023-07-10 22:21:18,888 INFO angle after function is -0.998380374105785 
2023-07-10 22:21:18,889 CRITICAL Photo Being Sent
2023-07-10 22:21:19,117 INFO angle after function is 0.3425364641608647 
2023-07-10 22:21:19,118 CRITICAL Photo Being Sent
2023-07-10 22:21:19,408 INFO angle after function is 0.9265879102708862 
2023-07-10 22:21:19,408 CRITICAL Photo Being Sent
2023-07-10 22:21:19,627 CRITICAL Photo Just Sent
2023-07-10 22:21:19,724 INFO angle after function is 0.823017925992103 
2023-07-10 22:21:20,054 INFO angle after function is 1.0242813300454205 
2023-07-10 22:21:20,317 INFO angle after function is 0.8504265580066724 
2023-07-10 22:21:20,610 INFO angle after function is 0.6335635232072867 
2023-07-10 22:21:20,621 CRITICAL Photo Just Sent
2023-07-10 22:21:20,906 INFO angle after function is 1.038727241455534 
2023-07-10 22:21:21,226 INFO angle after function is 0.7002734402744552 
2023-07-10 22:21:21,338 CRITICAL Photo Just Sent
2023-07-10 22:21:21,521 INFO angle after function is 0.6435622849563422 
2023-07-10 22:21:21,819 INFO angle after function is 1.40218034854935 
2023-07-10 22:21:21,885 CRITICAL Photo Just Sent
2023-07-10 22:21:22,121 INFO angle after function is 1.4059894138500333 
2023-07-10 22:21:22,427 INFO angle after function is 2.732797937665683 
2023-07-10 22:21:22,722 INFO angle after function is 2.825715326456577 
2023-07-10 22:21:23,056 INFO angle after function is 1.7767239479096977 
2023-07-10 22:21:23,312 INFO angle after function is 1.1614583979635147 
2023-07-10 22:21:23,674 INFO angle after function is 1.682674441583418 
2023-07-10 22:21:23,951 INFO angle after function is 2.0529118013683316 
2023-07-10 22:21:24,221 INFO angle after function is 1.6783194102935777 
2023-07-10 22:21:24,510 INFO angle after function is 1.7428673744219592 
2023-07-10 22:21:24,822 INFO angle after function is 2.3153170060139154 
2023-07-10 22:21:25,128 INFO angle after function is 1.9066817660912443 
2023-07-10 22:21:25,440 INFO angle after function is 2.0957423020384582 
2023-07-10 22:21:25,715 INFO angle after function is 2.0671098060872235 
2023-07-10 22:21:26,055 INFO angle after function is 1.816728860352321 
2023-07-10 22:21:26,302 INFO angle after function is 1.3520370056472049 
2023-07-10 22:21:26,653 INFO angle after function is 1.376374616890284 
2023-07-10 22:21:26,947 INFO angle after function is 2.174652099526239 
2023-07-10 22:21:26,947 CRITICAL Photo Being Sent
2023-07-10 22:21:27,226 INFO angle after function is 1.62390630457685 
2023-07-10 22:21:27,226 CRITICAL Photo Being Sent
2023-07-10 22:21:27,515 INFO angle after function is 2.0475275674456057 
2023-07-10 22:21:27,819 INFO angle after function is 1.2485796947734156 
2023-07-10 22:21:28,006 CRITICAL Photo Just Sent
2023-07-10 22:21:28,111 INFO angle after function is 1.1439824000032874 
2023-07-10 22:21:28,425 INFO angle after function is 1.495922639942167 
2023-07-10 22:21:28,717 INFO angle after function is 1.454722521887898 
2023-07-10 22:21:29,003 CRITICAL Photo Just Sent
2023-07-10 22:21:29,029 INFO angle after function is 0.9486939362875647 
2023-07-10 22:21:29,314 INFO angle after function is 0.529489734607335 
2023-07-10 22:21:29,625 INFO angle after function is 0.7510287498836192 
2023-07-10 22:21:29,912 INFO angle after function is 1.0641976335940986 
2023-07-10 22:21:30,236 INFO angle after function is 1.1707766175100272 
2023-07-10 22:21:30,559 INFO angle after function is 1.0476693465448033 
2023-07-10 22:21:30,823 INFO angle after function is 0.7409714971866929 
2023-07-10 22:21:31,113 INFO angle after function is 1.0278259407405 
2023-07-10 22:21:31,464 INFO angle after function is 0.74198123738573 
2023-07-10 22:21:31,738 INFO angle after function is 0.5139745219990838 
2023-07-10 22:21:32,040 INFO angle after function is 0.940760536718595 
2023-07-10 22:21:32,319 INFO angle after function is 0.8904024124257017 
2023-07-10 22:21:32,616 INFO angle after function is 0.6760633187030338 
2023-07-10 22:21:32,918 INFO angle after function is 0.6148349750047756 
2023-07-10 22:21:33,232 INFO angle after function is 1.8185591281039004 
2023-07-10 22:21:33,514 INFO angle after function is 1.6090578831308884 
2023-07-10 22:30:59,574 INFO angle after function is -2.2011822603276445 
2023-07-10 22:30:59,851 INFO angle after function is 1.1655096053755583 
2023-07-10 22:31:00,162 INFO angle after function is 3.021329360839709 
2023-07-10 22:31:00,441 INFO angle after function is 2.905226657850176 
2023-07-10 22:31:00,742 INFO angle after function is 2.5037158422439263 
2023-07-10 22:31:01,064 INFO angle after function is 2.0825459671525275 
2023-07-10 22:31:01,361 INFO angle after function is 1.258739663192215 
2023-07-10 22:31:01,650 INFO angle after function is 1.673584801673782 
2023-07-10 22:31:01,965 INFO angle after function is 0.865018101079579 
2023-07-10 22:31:02,273 INFO angle after function is 0.6337032008667323 
2023-07-10 22:31:02,595 INFO angle after function is 0.8578383645758667 
2023-07-10 22:31:02,841 INFO angle after function is -0.2044574967854423 
2023-07-10 22:31:03,130 INFO angle after function is 0.17662121738010592 
2023-07-10 22:31:03,442 INFO angle after function is -0.3628838053767175 
2023-07-10 22:31:03,776 INFO angle after function is -0.06471262329158028 
2023-07-10 22:31:04,058 INFO angle after function is 0.10560328155350573 
2023-07-10 22:31:04,347 INFO angle after function is -0.7328225539793117 
2023-07-10 22:31:04,640 INFO angle after function is -0.2756536101534021 
2023-07-10 22:31:04,948 INFO angle after function is 0.12384985517539837 
2023-07-10 22:31:05,250 INFO angle after function is -2.233344865202606 
2023-07-10 22:31:05,547 INFO angle after function is -3.2633876454256407 
2023-07-10 22:31:05,859 INFO angle after function is -3.759148092348301 
2023-07-10 22:31:06,160 INFO angle after function is -1.9564156294226696 
2023-07-10 22:31:06,474 INFO angle after function is 1.7155644727251997 
2023-07-10 22:31:06,759 INFO angle after function is 2.3305852326947663 
2023-07-10 22:31:07,094 INFO angle after function is 2.150096195612557 
2023-07-10 22:31:07,370 INFO angle after function is 1.8662453923140678 
2023-07-10 22:31:07,646 INFO angle after function is 2.076342991515743 
2023-07-10 22:31:07,647 CRITICAL Photo Being Sent
2023-07-10 22:31:07,967 INFO angle after function is 1.8077270279309858 
2023-07-10 22:31:07,968 CRITICAL Photo Being Sent
2023-07-10 22:31:08,236 INFO angle after function is 1.7489997769780983 
2023-07-10 22:31:08,237 CRITICAL Photo Being Sent
2023-07-10 22:31:08,586 INFO angle after function is 2.054726398822986 
2023-07-10 22:31:08,848 INFO angle after function is 1.6397543564918042 
2023-07-10 22:31:09,160 INFO angle after function is 1.6363547783198484 
2023-07-10 22:31:09,433 INFO angle after function is 1.4994436943784448 
2023-07-10 22:31:09,754 INFO angle after function is 2.1225348016839565 
2023-07-10 22:31:10,056 INFO angle after function is 1.4642235458098445 
2023-07-10 22:31:10,336 INFO angle after function is 1.418608514115956 
2023-07-10 22:31:10,365 CRITICAL Photo Just Sent
2023-07-10 22:31:10,366 CRITICAL Photo Just Sent
2023-07-10 22:31:10,386 CRITICAL Photo Just Sent
2023-07-10 22:31:10,644 INFO angle after function is 1.5794330408762889 
2023-07-10 22:31:10,985 INFO angle after function is 1.692162446375861 
2023-07-10 22:31:11,230 INFO angle after function is 1.4801788832808915 
2023-07-10 22:31:11,562 INFO angle after function is 1.9987454731869478 
2023-07-10 22:31:11,868 INFO angle after function is 0.8633398980444128 
2023-07-10 22:31:12,199 INFO angle after function is -0.10087221635066443 
2023-07-10 22:31:12,443 INFO angle after function is -0.4444732669431761 
2023-07-10 22:31:12,738 INFO angle after function is -0.07950614194262594 
2023-07-10 22:31:13,069 INFO angle after function is 1.4100250743231706 
2023-07-10 22:31:13,363 INFO angle after function is 0.09464955444364816 
2023-07-10 22:31:13,644 INFO angle after function is 0.6718351597371017 
2023-07-10 22:31:13,970 INFO angle after function is 0.8141713232496018 
2023-07-10 22:31:14,257 INFO angle after function is 0.2902027894039384 
2023-07-10 22:31:14,571 INFO angle after function is -0.4622239948023861 
2023-07-10 22:31:14,845 INFO angle after function is 1.107016238384699 
2023-07-10 22:31:15,136 INFO angle after function is 1.6881441156715737 
2023-07-10 22:31:15,438 INFO angle after function is 0.5863548349300547 
2023-07-10 22:31:15,815 INFO angle after function is 0.7224458690321406 
2023-07-10 22:31:16,041 INFO angle after function is 1.2810691094253217 
2023-07-10 22:31:16,361 INFO angle after function is 1.315812430158084 
2023-07-10 22:31:16,635 INFO angle after function is 0.8732516972386839 
2023-07-10 22:31:16,938 INFO angle after function is 0.9368823403519809 
2023-07-10 22:31:17,234 INFO angle after function is 0.7863817189028117 
2023-07-10 22:31:17,565 INFO angle after function is 0.5006051143135909 
2023-07-10 22:31:17,879 INFO angle after function is 0.8867983854419544 
2023-07-10 22:31:18,163 INFO angle after function is 0.3958696141408722 
2023-07-10 22:31:18,428 INFO angle after function is 1.1355617212077806 
2023-07-10 22:31:18,771 INFO angle after function is 1.491519153185722 
2023-07-10 22:31:19,078 INFO angle after function is 0.8354710654656435 
2023-07-10 22:31:19,348 INFO angle after function is 0.6671137300585728 
2023-07-10 22:31:19,629 INFO angle after function is 0.22486011102635925 
2023-07-10 22:31:19,969 INFO angle after function is 0.47727364815701995 
2023-07-10 22:31:20,248 INFO angle after function is 0.17708902297182247 
2023-07-10 22:31:20,547 INFO angle after function is 0.2753847876347287 
2023-07-10 22:31:20,834 INFO angle after function is 0.17016001689065727 
2023-07-10 22:31:21,176 INFO angle after function is 0.5022351746885824 
2023-07-10 22:31:21,472 INFO angle after function is 0.8988619919162628 
2023-07-10 22:31:21,754 INFO angle after function is 0.3473825367110531 
2023-07-10 22:31:22,032 INFO angle after function is 0.718185151842721 
2023-07-10 22:31:22,369 INFO angle after function is 0.7975550990791986 
2023-07-10 22:31:22,641 INFO angle after function is 0.39223622983024015 
2023-07-10 22:31:22,976 INFO angle after function is 0.5783236044175383 
2023-07-10 22:31:23,243 INFO angle after function is 1.2970070673751684 
2023-07-10 22:31:23,572 INFO angle after function is -2.003607668571565 
2023-07-10 22:31:23,873 INFO angle after function is -1.8145374241746766 
2023-07-10 22:31:24,149 INFO angle after function is 2.2250919536762543 
2023-07-10 22:31:24,447 INFO angle after function is 4.965157768170958 
2023-07-10 22:31:24,735 INFO angle after function is 1.11157990308444 
2023-07-10 22:31:25,074 INFO angle after function is -2.6773828926581777 
2023-07-10 22:31:25,386 INFO angle after function is -3.0495085997455504 
2023-07-10 22:31:25,641 INFO angle after function is -1.9290996393480295 
2023-07-10 22:31:25,951 INFO angle after function is -1.2559241825300909 
2023-07-10 22:31:26,271 INFO angle after function is -1.409969483789394 
2023-07-10 22:31:26,575 INFO angle after function is -1.4296335131102693 
2023-07-10 22:31:26,845 INFO angle after function is -0.1208247698425879 
2023-07-10 22:31:27,167 INFO angle after function is -0.6437659690678244 
2023-07-10 22:31:27,451 INFO angle after function is 0.6109197274763276 
2023-07-10 22:31:27,756 INFO angle after function is 0.9042756427779787 
2023-07-10 22:31:28,038 INFO angle after function is 0.5135241676052904 
2023-07-10 22:31:28,356 INFO angle after function is 0.8904432385775584 
2023-07-10 22:31:28,632 INFO angle after function is 0.7958991551591204 
2023-07-10 22:31:28,987 INFO angle after function is 0.06740997984314703 
2023-07-10 22:31:29,240 INFO angle after function is 0.5194232859272596 
2023-07-10 22:31:29,559 INFO angle after function is -0.19815783276789273 
2023-07-10 22:31:29,839 INFO angle after function is -0.9289260123918515 
2023-07-10 22:31:30,147 INFO angle after function is -0.47551022162311324 
2023-07-10 22:31:30,445 INFO angle after function is -0.12413386685286588 
2023-07-10 22:31:30,746 INFO angle after function is -0.6395442429825157 
2023-07-10 22:31:31,067 INFO angle after function is 2.8329309932529836 
2023-07-10 22:31:31,359 INFO angle after function is 4.088008601960367 
2023-07-10 22:31:31,640 INFO angle after function is 2.891128850512035 
2023-07-10 22:31:31,968 INFO angle after function is 3.0046963681528744 
2023-07-10 22:31:32,243 INFO angle after function is 3.1278641996837853 
2023-07-10 22:31:32,548 INFO angle after function is 2.022852643612826 
2023-07-10 22:31:32,843 INFO angle after function is 2.1374354839371157 
2023-07-10 22:31:33,133 INFO angle after function is 2.0082078658647102 
2023-07-10 22:31:33,438 INFO angle after function is 1.3907915146315237 
2023-07-10 22:31:33,764 INFO angle after function is 3.029559068691745 
2023-07-10 22:31:33,765 CRITICAL Photo Being Sent
2023-07-10 22:31:34,061 INFO angle after function is 3.6210475321674216 
2023-07-10 22:31:34,062 CRITICAL Photo Being Sent
2023-07-10 22:31:34,342 INFO angle after function is 4.031125431850112 
2023-07-10 22:31:34,343 CRITICAL Photo Being Sent
2023-07-10 22:31:34,636 INFO angle after function is 2.400888328687495 
2023-07-10 22:31:34,638 CRITICAL Photo Being Sent
2023-07-10 22:31:34,966 INFO angle after function is 0.19803941738237324 
2023-07-10 22:31:34,967 CRITICAL Photo Being Sent
2023-07-10 22:31:35,129 CRITICAL Photo Just Sent
2023-07-10 22:31:35,236 INFO angle after function is 1.5894608678065172 
2023-07-10 22:31:35,517 CRITICAL Photo Just Sent
2023-07-10 22:31:35,545 INFO angle after function is 3.5287730419365615 
2023-07-10 22:31:35,841 INFO angle after function is 2.754964800079716 
2023-07-10 22:31:35,917 CRITICAL Photo Just Sent
2023-07-10 22:31:36,178 INFO angle after function is 3.0379518250793036 
2023-07-10 22:31:36,191 CRITICAL Photo Just Sent
2023-07-10 22:31:36,385 CRITICAL Photo Just Sent
2023-07-10 22:31:36,443 INFO angle after function is 3.573717078814952 
2023-07-10 22:31:36,747 INFO angle after function is 2.807008641314351 
2023-07-10 22:31:37,062 INFO angle after function is 2.662043560939148 
2023-07-10 22:31:37,381 INFO angle after function is 3.2638208215759303 
2023-07-10 22:31:37,644 INFO angle after function is 3.2856817155655493 
2023-07-10 22:31:37,977 INFO angle after function is 2.176202971876658 
2023-07-10 22:31:38,266 INFO angle after function is 1.3812458569100923 
2023-07-10 22:31:38,583 INFO angle after function is 1.3539408380742681 
2023-07-10 22:31:38,869 INFO angle after function is -0.09753770225822146 
2023-07-10 22:31:39,146 INFO angle after function is 0.23722711377648575 
2023-07-10 22:31:39,460 INFO angle after function is 0.3736044696233732 
2023-07-10 22:31:39,758 INFO angle after function is 0.34517282080683526 
2023-07-10 22:31:40,053 INFO angle after function is 0.5739836173942819 
2023-07-10 22:31:40,344 INFO angle after function is 0.16281938836432266 
2023-07-10 22:31:40,635 INFO angle after function is 1.1532038191657237 
2023-07-10 22:31:40,969 INFO angle after function is 1.114011075659844 
2023-07-10 22:31:41,245 INFO angle after function is 0.7683372651919452 
2023-07-10 22:31:41,550 INFO angle after function is 0.7189789276050904 
2023-07-10 22:32:27,108 WARNING From D:\Anaconda_Files\envs\tf-gpu\lib\site-packages\tensorflow\python\compat\v2_compat.py:107: disable_resource_variables (from tensorflow.python.ops.variable_scope) is deprecated and will be removed in a future version.
Instructions for updating:
non-resource variables are not supported in the long term
2023-07-10 22:32:59,557 WARNING From D:\Anaconda_Files\envs\tf-gpu\lib\site-packages\tensorflow\python\compat\v2_compat.py:107: disable_resource_variables (from tensorflow.python.ops.variable_scope) is deprecated and will be removed in a future version.
Instructions for updating:
non-resource variables are not supported in the long term
2023-07-10 22:33:10,829 WARNING From D:\Anaconda_Files\envs\tf-gpu\lib\site-packages\tensorflow\python\compat\v2_compat.py:107: disable_resource_variables (from tensorflow.python.ops.variable_scope) is deprecated and will be removed in a future version.
Instructions for updating:
non-resource variables are not supported in the long term
2023-07-10 22:33:26,356 WARNING From D:\Anaconda_Files\envs\tf-gpu\lib\site-packages\tensorflow\python\compat\v2_compat.py:107: disable_resource_variables (from tensorflow.python.ops.variable_scope) is deprecated and will be removed in a future version.
Instructions for updating:
non-resource variables are not supported in the long term
